[INFO] - 2024-07-12 07:03:46,885 - root - : Hi, This is root. in /home/jovyan/input/Code/Science/utils/config.py:92
[INFO] - 2024-07-12 07:03:46,885 - root - : After the configurations are successfully processed and dirs are created. in /home/jovyan/input/Code/Science/utils/config.py:93
[INFO] - 2024-07-12 07:03:46,885 - root - : The pipeline of the project will begin now. in /home/jovyan/input/Code/Science/utils/config.py:94
[INFO] - 2024-07-12 07:03:50,602 - Agent - : Program will run on *****GPU*****  in /home/jovyan/input/Code/Science/agents/unet.py:67
[INFO] - 2024-07-12 07:03:50,602 - Cuda Statistics - : __Python VERSION:  3.8.19 (default, Mar 20 2024, 19:58:24) 
[GCC 11.2.0] in /home/jovyan/input/Code/Science/utils/misc.py:25
[INFO] - 2024-07-12 07:03:50,602 - Cuda Statistics - : __pyTorch VERSION:  1.7.0 in /home/jovyan/input/Code/Science/utils/misc.py:26
[INFO] - 2024-07-12 07:03:50,603 - Cuda Statistics - : __CUDA VERSION in /home/jovyan/input/Code/Science/utils/misc.py:27
[INFO] - 2024-07-12 07:03:50,745 - Cuda Statistics - : __CUDNN VERSION:  8003 in /home/jovyan/input/Code/Science/utils/misc.py:29
[INFO] - 2024-07-12 07:03:50,745 - Cuda Statistics - : __Number CUDA Devices:  1 in /home/jovyan/input/Code/Science/utils/misc.py:30
[INFO] - 2024-07-12 07:03:50,745 - Cuda Statistics - : __Devices in /home/jovyan/input/Code/Science/utils/misc.py:31
[INFO] - 2024-07-12 07:03:50,831 - Cuda Statistics - : Active CUDA Device: GPU 0 in /home/jovyan/input/Code/Science/utils/misc.py:34
[INFO] - 2024-07-12 07:03:50,832 - Cuda Statistics - : Available devices  1 in /home/jovyan/input/Code/Science/utils/misc.py:35
[INFO] - 2024-07-12 07:03:50,832 - Cuda Statistics - : Current cuda device  0 in /home/jovyan/input/Code/Science/utils/misc.py:36
[INFO] - 2024-07-12 07:03:55,272 - Agent - : Train Epoch: 0 [0/8262 (0%)]	Loss: 0.589868 in /home/jovyan/input/Code/Science/agents/unet.py:134
[INFO] - 2024-07-12 07:04:00,870 - Agent - : Train Epoch: 0 [160/8262 (2%)]	Loss: 0.460056 in /home/jovyan/input/Code/Science/agents/unet.py:134
[INFO] - 2024-07-12 07:04:06,290 - Agent - : Train Epoch: 0 [320/8262 (4%)]	Loss: 0.391950 in /home/jovyan/input/Code/Science/agents/unet.py:134
[INFO] - 2024-07-12 07:04:11,651 - Agent - : Train Epoch: 0 [480/8262 (6%)]	Loss: 0.449251 in /home/jovyan/input/Code/Science/agents/unet.py:134
[INFO] - 2024-07-12 07:04:16,829 - Agent - : Train Epoch: 0 [640/8262 (8%)]	Loss: 0.397454 in /home/jovyan/input/Code/Science/agents/unet.py:134
[INFO] - 2024-07-12 07:04:21,836 - Agent - : Train Epoch: 0 [800/8262 (10%)]	Loss: 0.348395 in /home/jovyan/input/Code/Science/agents/unet.py:134
[INFO] - 2024-07-12 07:04:27,021 - Agent - : Train Epoch: 0 [960/8262 (12%)]	Loss: 0.344547 in /home/jovyan/input/Code/Science/agents/unet.py:134
[INFO] - 2024-07-12 07:04:32,396 - Agent - : Train Epoch: 0 [1120/8262 (14%)]	Loss: 0.316834 in /home/jovyan/input/Code/Science/agents/unet.py:134
[INFO] - 2024-07-12 07:04:37,656 - Agent - : Train Epoch: 0 [1280/8262 (16%)]	Loss: 0.355916 in /home/jovyan/input/Code/Science/agents/unet.py:134
[INFO] - 2024-07-12 07:04:42,907 - Agent - : Train Epoch: 0 [1440/8262 (17%)]	Loss: 0.283082 in /home/jovyan/input/Code/Science/agents/unet.py:134
[INFO] - 2024-07-12 07:04:48,173 - Agent - : Train Epoch: 0 [1600/8262 (19%)]	Loss: 0.292761 in /home/jovyan/input/Code/Science/agents/unet.py:134
[INFO] - 2024-07-12 07:04:53,170 - Agent - : Train Epoch: 0 [1760/8262 (21%)]	Loss: 0.255070 in /home/jovyan/input/Code/Science/agents/unet.py:134
[INFO] - 2024-07-12 07:04:58,292 - Agent - : Train Epoch: 0 [1920/8262 (23%)]	Loss: 0.256473 in /home/jovyan/input/Code/Science/agents/unet.py:134
[INFO] - 2024-07-12 07:05:03,509 - Agent - : Train Epoch: 0 [2080/8262 (25%)]	Loss: 0.332505 in /home/jovyan/input/Code/Science/agents/unet.py:134
[INFO] - 2024-07-12 07:05:09,208 - Agent - : Train Epoch: 0 [2240/8262 (27%)]	Loss: 0.260324 in /home/jovyan/input/Code/Science/agents/unet.py:134
[INFO] - 2024-07-12 07:05:14,349 - Agent - : Train Epoch: 0 [2400/8262 (29%)]	Loss: 0.390637 in /home/jovyan/input/Code/Science/agents/unet.py:134
[INFO] - 2024-07-12 07:05:19,459 - Agent - : Train Epoch: 0 [2560/8262 (31%)]	Loss: 0.401018 in /home/jovyan/input/Code/Science/agents/unet.py:134
[INFO] - 2024-07-12 07:05:24,578 - Agent - : Train Epoch: 0 [2720/8262 (33%)]	Loss: 0.263853 in /home/jovyan/input/Code/Science/agents/unet.py:134
[INFO] - 2024-07-12 07:05:30,000 - Agent - : Train Epoch: 0 [2880/8262 (35%)]	Loss: 0.250768 in /home/jovyan/input/Code/Science/agents/unet.py:134
[INFO] - 2024-07-12 07:05:35,133 - Agent - : Train Epoch: 0 [3040/8262 (37%)]	Loss: 0.243955 in /home/jovyan/input/Code/Science/agents/unet.py:134
[INFO] - 2024-07-12 07:05:40,300 - Agent - : Train Epoch: 0 [3200/8262 (39%)]	Loss: 0.236199 in /home/jovyan/input/Code/Science/agents/unet.py:134
[INFO] - 2024-07-12 07:05:45,414 - Agent - : Train Epoch: 0 [3360/8262 (41%)]	Loss: 0.221682 in /home/jovyan/input/Code/Science/agents/unet.py:134
[INFO] - 2024-07-12 07:05:50,430 - Agent - : Train Epoch: 0 [3520/8262 (43%)]	Loss: 0.372569 in /home/jovyan/input/Code/Science/agents/unet.py:134
[INFO] - 2024-07-12 07:05:55,575 - Agent - : Train Epoch: 0 [3680/8262 (45%)]	Loss: 0.235450 in /home/jovyan/input/Code/Science/agents/unet.py:134
[INFO] - 2024-07-12 07:06:00,702 - Agent - : Train Epoch: 0 [3840/8262 (47%)]	Loss: 0.202289 in /home/jovyan/input/Code/Science/agents/unet.py:134
[INFO] - 2024-07-12 07:06:05,769 - Agent - : Train Epoch: 0 [4000/8262 (48%)]	Loss: 0.283926 in /home/jovyan/input/Code/Science/agents/unet.py:134
[INFO] - 2024-07-12 07:06:11,701 - Agent - : Train Epoch: 0 [4160/8262 (50%)]	Loss: 0.266539 in /home/jovyan/input/Code/Science/agents/unet.py:134
[INFO] - 2024-07-12 07:06:16,851 - Agent - : Train Epoch: 0 [4320/8262 (52%)]	Loss: 0.211510 in /home/jovyan/input/Code/Science/agents/unet.py:134
[INFO] - 2024-07-12 07:06:22,017 - Agent - : Train Epoch: 0 [4480/8262 (54%)]	Loss: 0.318569 in /home/jovyan/input/Code/Science/agents/unet.py:134
[INFO] - 2024-07-12 07:06:27,372 - Agent - : Train Epoch: 0 [4640/8262 (56%)]	Loss: 0.240622 in /home/jovyan/input/Code/Science/agents/unet.py:134
[INFO] - 2024-07-12 07:06:32,632 - Agent - : Train Epoch: 0 [4800/8262 (58%)]	Loss: 0.204180 in /home/jovyan/input/Code/Science/agents/unet.py:134
[INFO] - 2024-07-12 07:06:37,729 - Agent - : Train Epoch: 0 [4960/8262 (60%)]	Loss: 0.215807 in /home/jovyan/input/Code/Science/agents/unet.py:134
[INFO] - 2024-07-12 07:06:42,833 - Agent - : Train Epoch: 0 [5120/8262 (62%)]	Loss: 0.209963 in /home/jovyan/input/Code/Science/agents/unet.py:134
[INFO] - 2024-07-12 07:06:47,918 - Agent - : Train Epoch: 0 [5280/8262 (64%)]	Loss: 0.185825 in /home/jovyan/input/Code/Science/agents/unet.py:134
[INFO] - 2024-07-12 07:06:52,969 - Agent - : Train Epoch: 0 [5440/8262 (66%)]	Loss: 0.221008 in /home/jovyan/input/Code/Science/agents/unet.py:134
[INFO] - 2024-07-12 07:06:58,072 - Agent - : Train Epoch: 0 [5600/8262 (68%)]	Loss: 0.170165 in /home/jovyan/input/Code/Science/agents/unet.py:134
[INFO] - 2024-07-12 07:07:03,243 - Agent - : Train Epoch: 0 [5760/8262 (70%)]	Loss: 0.171055 in /home/jovyan/input/Code/Science/agents/unet.py:134
[INFO] - 2024-07-12 07:07:08,876 - Agent - : Train Epoch: 0 [5920/8262 (72%)]	Loss: 0.195084 in /home/jovyan/input/Code/Science/agents/unet.py:134
[INFO] - 2024-07-12 07:07:16,024 - Agent - : Train Epoch: 0 [6080/8262 (74%)]	Loss: 0.288114 in /home/jovyan/input/Code/Science/agents/unet.py:134
[INFO] - 2024-07-12 07:07:22,481 - Agent - : Train Epoch: 0 [6240/8262 (76%)]	Loss: 0.163869 in /home/jovyan/input/Code/Science/agents/unet.py:134
[INFO] - 2024-07-12 07:07:28,269 - Agent - : Train Epoch: 0 [6400/8262 (78%)]	Loss: 0.176086 in /home/jovyan/input/Code/Science/agents/unet.py:134
[INFO] - 2024-07-12 07:07:33,807 - Agent - : Train Epoch: 0 [6560/8262 (79%)]	Loss: 0.166620 in /home/jovyan/input/Code/Science/agents/unet.py:134
[INFO] - 2024-07-12 07:07:38,925 - Agent - : Train Epoch: 0 [6720/8262 (81%)]	Loss: 0.167719 in /home/jovyan/input/Code/Science/agents/unet.py:134
[INFO] - 2024-07-12 07:07:44,306 - Agent - : Train Epoch: 0 [6880/8262 (83%)]	Loss: 0.166100 in /home/jovyan/input/Code/Science/agents/unet.py:134
[INFO] - 2024-07-12 07:07:49,968 - Agent - : Train Epoch: 0 [7040/8262 (85%)]	Loss: 0.320678 in /home/jovyan/input/Code/Science/agents/unet.py:134
[INFO] - 2024-07-12 07:07:55,162 - Agent - : Train Epoch: 0 [7200/8262 (87%)]	Loss: 0.189980 in /home/jovyan/input/Code/Science/agents/unet.py:134
[INFO] - 2024-07-12 07:08:00,974 - Agent - : Train Epoch: 0 [7360/8262 (89%)]	Loss: 0.172272 in /home/jovyan/input/Code/Science/agents/unet.py:134
[INFO] - 2024-07-12 07:08:06,329 - Agent - : Train Epoch: 0 [7520/8262 (91%)]	Loss: 0.201371 in /home/jovyan/input/Code/Science/agents/unet.py:134
[INFO] - 2024-07-12 07:08:12,351 - Agent - : Train Epoch: 0 [7680/8262 (93%)]	Loss: 0.202078 in /home/jovyan/input/Code/Science/agents/unet.py:134
[INFO] - 2024-07-12 07:08:18,853 - Agent - : Train Epoch: 0 [7840/8262 (95%)]	Loss: 0.214403 in /home/jovyan/input/Code/Science/agents/unet.py:134
[INFO] - 2024-07-12 07:08:24,996 - Agent - : Train Epoch: 0 [8000/8262 (97%)]	Loss: 0.157321 in /home/jovyan/input/Code/Science/agents/unet.py:134
[INFO] - 2024-07-12 07:08:30,954 - Agent - : Train Epoch: 0 [8160/8262 (99%)]	Loss: 0.203065 in /home/jovyan/input/Code/Science/agents/unet.py:134
[INFO] - 2024-07-12 07:13:09,141 - root - : Hi, This is root. in /home/jovyan/input/Code/Science/utils/config.py:92
[INFO] - 2024-07-12 07:13:09,141 - root - : After the configurations are successfully processed and dirs are created. in /home/jovyan/input/Code/Science/utils/config.py:93
[INFO] - 2024-07-12 07:13:09,141 - root - : The pipeline of the project will begin now. in /home/jovyan/input/Code/Science/utils/config.py:94
[INFO] - 2024-07-12 07:13:12,774 - Agent - : Program will run on *****GPU*****  in /home/jovyan/input/Code/Science/agents/unet.py:67
[INFO] - 2024-07-12 07:13:12,774 - Cuda Statistics - : __Python VERSION:  3.8.19 (default, Mar 20 2024, 19:58:24) 
[GCC 11.2.0] in /home/jovyan/input/Code/Science/utils/misc.py:25
[INFO] - 2024-07-12 07:13:12,775 - Cuda Statistics - : __pyTorch VERSION:  1.7.0 in /home/jovyan/input/Code/Science/utils/misc.py:26
[INFO] - 2024-07-12 07:13:12,775 - Cuda Statistics - : __CUDA VERSION in /home/jovyan/input/Code/Science/utils/misc.py:27
[INFO] - 2024-07-12 07:13:12,895 - Cuda Statistics - : __CUDNN VERSION:  8003 in /home/jovyan/input/Code/Science/utils/misc.py:29
[INFO] - 2024-07-12 07:13:12,895 - Cuda Statistics - : __Number CUDA Devices:  1 in /home/jovyan/input/Code/Science/utils/misc.py:30
[INFO] - 2024-07-12 07:13:12,895 - Cuda Statistics - : __Devices in /home/jovyan/input/Code/Science/utils/misc.py:31
[INFO] - 2024-07-12 07:13:12,968 - Cuda Statistics - : Active CUDA Device: GPU 0 in /home/jovyan/input/Code/Science/utils/misc.py:34
[INFO] - 2024-07-12 07:13:12,968 - Cuda Statistics - : Available devices  1 in /home/jovyan/input/Code/Science/utils/misc.py:35
[INFO] - 2024-07-12 07:13:12,968 - Cuda Statistics - : Current cuda device  0 in /home/jovyan/input/Code/Science/utils/misc.py:36
[INFO] - 2024-07-12 07:13:16,850 - Agent - : Train Epoch: 0 [0/8262 (0%)]	Loss: 0.802145 in /home/jovyan/input/Code/Science/agents/unet.py:134
[INFO] - 2024-07-12 07:13:20,699 - Agent - : Train Epoch: 0 [160/8262 (2%)]	Loss: 0.550923 in /home/jovyan/input/Code/Science/agents/unet.py:134
[INFO] - 2024-07-12 07:13:26,921 - Agent - : Train Epoch: 0 [320/8262 (4%)]	Loss: 0.478807 in /home/jovyan/input/Code/Science/agents/unet.py:134
[INFO] - 2024-07-12 07:13:27,444 - Agent - : You have entered CTRL+C.. wait to finalize in /home/jovyan/input/Code/Science/agents/unet.py:106
[INFO] - 2024-07-12 07:19:50,964 - root - : Hi, This is root. in /home/jovyan/input/Code/Science/utils/config.py:92
[INFO] - 2024-07-12 07:19:50,964 - root - : After the configurations are successfully processed and dirs are created. in /home/jovyan/input/Code/Science/utils/config.py:93
[INFO] - 2024-07-12 07:19:50,964 - root - : The pipeline of the project will begin now. in /home/jovyan/input/Code/Science/utils/config.py:94
[INFO] - 2024-07-13 00:56:08,064 - root - : Hi, This is root. in /home/jovyan/input/Code/Science/utils/config.py:92
[INFO] - 2024-07-13 00:56:08,064 - root - : After the configurations are successfully processed and dirs are created. in /home/jovyan/input/Code/Science/utils/config.py:93
[INFO] - 2024-07-13 00:56:08,064 - root - : The pipeline of the project will begin now. in /home/jovyan/input/Code/Science/utils/config.py:94
[INFO] - 2024-07-13 00:56:12,682 - Agent - : Program will run on *****GPU*****  in /home/jovyan/input/Code/Science/agents/resunet.py:70
[INFO] - 2024-07-13 00:56:12,683 - Cuda Statistics - : __Python VERSION:  3.8.19 (default, Mar 20 2024, 19:58:24) 
[GCC 11.2.0] in /home/jovyan/input/Code/Science/utils/misc.py:25
[INFO] - 2024-07-13 00:56:12,683 - Cuda Statistics - : __pyTorch VERSION:  1.7.0 in /home/jovyan/input/Code/Science/utils/misc.py:26
[INFO] - 2024-07-13 00:56:12,683 - Cuda Statistics - : __CUDA VERSION in /home/jovyan/input/Code/Science/utils/misc.py:27
[INFO] - 2024-07-13 00:56:12,870 - Cuda Statistics - : __CUDNN VERSION:  8003 in /home/jovyan/input/Code/Science/utils/misc.py:29
[INFO] - 2024-07-13 00:56:12,870 - Cuda Statistics - : __Number CUDA Devices:  1 in /home/jovyan/input/Code/Science/utils/misc.py:30
[INFO] - 2024-07-13 00:56:12,870 - Cuda Statistics - : __Devices in /home/jovyan/input/Code/Science/utils/misc.py:31
[INFO] - 2024-07-13 00:56:12,987 - Cuda Statistics - : Active CUDA Device: GPU 0 in /home/jovyan/input/Code/Science/utils/misc.py:34
[INFO] - 2024-07-13 00:56:12,987 - Cuda Statistics - : Available devices  1 in /home/jovyan/input/Code/Science/utils/misc.py:35
[INFO] - 2024-07-13 00:56:12,987 - Cuda Statistics - : Current cuda device  0 in /home/jovyan/input/Code/Science/utils/misc.py:36
[INFO] - 2024-07-13 00:56:16,248 - Agent - : Train Epoch: 0 [0/8262 (0%)]	Loss: 0.916183 in /home/jovyan/input/Code/Science/agents/resunet.py:139
[INFO] - 2024-07-13 00:56:22,099 - Agent - : Train Epoch: 0 [160/8262 (2%)]	Loss: 0.692406 in /home/jovyan/input/Code/Science/agents/resunet.py:139
[INFO] - 2024-07-13 00:56:26,385 - Agent - : Train Epoch: 0 [320/8262 (4%)]	Loss: 0.623025 in /home/jovyan/input/Code/Science/agents/resunet.py:139
[INFO] - 2024-07-13 00:56:31,219 - Agent - : Train Epoch: 0 [480/8262 (6%)]	Loss: 0.563826 in /home/jovyan/input/Code/Science/agents/resunet.py:139
[INFO] - 2024-07-13 00:56:35,083 - Agent - : Train Epoch: 0 [640/8262 (8%)]	Loss: 0.491973 in /home/jovyan/input/Code/Science/agents/resunet.py:139
[INFO] - 2024-07-13 00:56:39,452 - Agent - : Train Epoch: 0 [800/8262 (10%)]	Loss: 0.506771 in /home/jovyan/input/Code/Science/agents/resunet.py:139
[INFO] - 2024-07-13 00:56:43,905 - Agent - : Train Epoch: 0 [960/8262 (12%)]	Loss: 0.495068 in /home/jovyan/input/Code/Science/agents/resunet.py:139
[INFO] - 2024-07-13 00:56:48,258 - Agent - : Train Epoch: 0 [1120/8262 (14%)]	Loss: 0.452460 in /home/jovyan/input/Code/Science/agents/resunet.py:139
[INFO] - 2024-07-13 00:56:52,818 - Agent - : Train Epoch: 0 [1280/8262 (16%)]	Loss: 0.443237 in /home/jovyan/input/Code/Science/agents/resunet.py:139
[INFO] - 2024-07-13 00:56:56,838 - Agent - : Train Epoch: 0 [1440/8262 (17%)]	Loss: 0.406460 in /home/jovyan/input/Code/Science/agents/resunet.py:139
[INFO] - 2024-07-13 00:57:00,933 - Agent - : Train Epoch: 0 [1600/8262 (19%)]	Loss: 0.397959 in /home/jovyan/input/Code/Science/agents/resunet.py:139
[INFO] - 2024-07-13 00:57:05,027 - Agent - : Train Epoch: 0 [1760/8262 (21%)]	Loss: 0.371898 in /home/jovyan/input/Code/Science/agents/resunet.py:139
[INFO] - 2024-07-13 00:57:09,435 - Agent - : Train Epoch: 0 [1920/8262 (23%)]	Loss: 0.366902 in /home/jovyan/input/Code/Science/agents/resunet.py:139
[INFO] - 2024-07-13 00:57:13,903 - Agent - : Train Epoch: 0 [2080/8262 (25%)]	Loss: 0.431792 in /home/jovyan/input/Code/Science/agents/resunet.py:139
[INFO] - 2024-07-13 00:57:17,904 - Agent - : Train Epoch: 0 [2240/8262 (27%)]	Loss: 0.354236 in /home/jovyan/input/Code/Science/agents/resunet.py:139
[INFO] - 2024-07-13 00:57:23,187 - Agent - : Train Epoch: 0 [2400/8262 (29%)]	Loss: 0.434181 in /home/jovyan/input/Code/Science/agents/resunet.py:139
[INFO] - 2024-07-13 00:57:27,621 - Agent - : Train Epoch: 0 [2560/8262 (31%)]	Loss: 0.406616 in /home/jovyan/input/Code/Science/agents/resunet.py:139
[INFO] - 2024-07-13 00:57:31,907 - Agent - : Train Epoch: 0 [2720/8262 (33%)]	Loss: 0.335835 in /home/jovyan/input/Code/Science/agents/resunet.py:139
[INFO] - 2024-07-13 00:57:36,798 - Agent - : Train Epoch: 0 [2880/8262 (35%)]	Loss: 0.310665 in /home/jovyan/input/Code/Science/agents/resunet.py:139
[INFO] - 2024-07-13 00:57:41,143 - Agent - : Train Epoch: 0 [3040/8262 (37%)]	Loss: 0.307588 in /home/jovyan/input/Code/Science/agents/resunet.py:139
[INFO] - 2024-07-13 00:57:45,202 - Agent - : Train Epoch: 0 [3200/8262 (39%)]	Loss: 0.287255 in /home/jovyan/input/Code/Science/agents/resunet.py:139
[INFO] - 2024-07-13 00:57:49,383 - Agent - : Train Epoch: 0 [3360/8262 (41%)]	Loss: 0.305582 in /home/jovyan/input/Code/Science/agents/resunet.py:139
[INFO] - 2024-07-13 00:57:53,403 - Agent - : Train Epoch: 0 [3520/8262 (43%)]	Loss: 0.366303 in /home/jovyan/input/Code/Science/agents/resunet.py:139
[INFO] - 2024-07-13 00:57:58,309 - Agent - : Train Epoch: 0 [3680/8262 (45%)]	Loss: 0.257934 in /home/jovyan/input/Code/Science/agents/resunet.py:139
[INFO] - 2024-07-13 00:58:03,275 - Agent - : Train Epoch: 0 [3840/8262 (47%)]	Loss: 0.249218 in /home/jovyan/input/Code/Science/agents/resunet.py:139
[INFO] - 2024-07-13 00:58:08,193 - Agent - : Train Epoch: 0 [4000/8262 (48%)]	Loss: 0.336230 in /home/jovyan/input/Code/Science/agents/resunet.py:139
[INFO] - 2024-07-13 00:58:13,333 - Agent - : Train Epoch: 0 [4160/8262 (50%)]	Loss: 0.255879 in /home/jovyan/input/Code/Science/agents/resunet.py:139
[INFO] - 2024-07-13 00:58:17,629 - Agent - : Train Epoch: 0 [4320/8262 (52%)]	Loss: 0.233598 in /home/jovyan/input/Code/Science/agents/resunet.py:139
[INFO] - 2024-07-13 00:58:22,084 - Agent - : Train Epoch: 0 [4480/8262 (54%)]	Loss: 0.335066 in /home/jovyan/input/Code/Science/agents/resunet.py:139
[INFO] - 2024-07-13 00:58:27,602 - Agent - : Train Epoch: 0 [4640/8262 (56%)]	Loss: 0.220854 in /home/jovyan/input/Code/Science/agents/resunet.py:139
[INFO] - 2024-07-13 00:58:31,676 - Agent - : Train Epoch: 0 [4800/8262 (58%)]	Loss: 0.259044 in /home/jovyan/input/Code/Science/agents/resunet.py:139
[INFO] - 2024-07-13 00:58:35,892 - Agent - : Train Epoch: 0 [4960/8262 (60%)]	Loss: 0.201761 in /home/jovyan/input/Code/Science/agents/resunet.py:139
[INFO] - 2024-07-13 00:58:40,274 - Agent - : Train Epoch: 0 [5120/8262 (62%)]	Loss: 0.219529 in /home/jovyan/input/Code/Science/agents/resunet.py:139
[INFO] - 2024-07-13 00:58:44,724 - Agent - : Train Epoch: 0 [5280/8262 (64%)]	Loss: 0.187682 in /home/jovyan/input/Code/Science/agents/resunet.py:139
[INFO] - 2024-07-13 00:58:49,263 - Agent - : Train Epoch: 0 [5440/8262 (66%)]	Loss: 0.203523 in /home/jovyan/input/Code/Science/agents/resunet.py:139
[INFO] - 2024-07-13 00:58:53,710 - Agent - : Train Epoch: 0 [5600/8262 (68%)]	Loss: 0.171308 in /home/jovyan/input/Code/Science/agents/resunet.py:139
[INFO] - 2024-07-13 00:58:58,034 - Agent - : Train Epoch: 0 [5760/8262 (70%)]	Loss: 0.173494 in /home/jovyan/input/Code/Science/agents/resunet.py:139
[INFO] - 2024-07-13 00:59:02,656 - Agent - : Train Epoch: 0 [5920/8262 (72%)]	Loss: 0.181580 in /home/jovyan/input/Code/Science/agents/resunet.py:139
[INFO] - 2024-07-13 00:59:07,033 - Agent - : Train Epoch: 0 [6080/8262 (74%)]	Loss: 0.254039 in /home/jovyan/input/Code/Science/agents/resunet.py:139
[INFO] - 2024-07-13 00:59:11,624 - Agent - : Train Epoch: 0 [6240/8262 (76%)]	Loss: 0.151451 in /home/jovyan/input/Code/Science/agents/resunet.py:139
[INFO] - 2024-07-13 00:59:16,275 - Agent - : Train Epoch: 0 [6400/8262 (78%)]	Loss: 0.150344 in /home/jovyan/input/Code/Science/agents/resunet.py:139
[INFO] - 2024-07-13 00:59:20,583 - Agent - : Train Epoch: 0 [6560/8262 (79%)]	Loss: 0.150304 in /home/jovyan/input/Code/Science/agents/resunet.py:139
[INFO] - 2024-07-13 00:59:25,014 - Agent - : Train Epoch: 0 [6720/8262 (81%)]	Loss: 0.148458 in /home/jovyan/input/Code/Science/agents/resunet.py:139
[INFO] - 2024-07-13 00:59:30,232 - Agent - : Train Epoch: 0 [6880/8262 (83%)]	Loss: 0.150228 in /home/jovyan/input/Code/Science/agents/resunet.py:139
[INFO] - 2024-07-13 00:59:34,338 - Agent - : Train Epoch: 0 [7040/8262 (85%)]	Loss: 0.189047 in /home/jovyan/input/Code/Science/agents/resunet.py:139
[INFO] - 2024-07-13 00:59:38,677 - Agent - : Train Epoch: 0 [7200/8262 (87%)]	Loss: 0.149291 in /home/jovyan/input/Code/Science/agents/resunet.py:139
[INFO] - 2024-07-13 00:59:42,838 - Agent - : Train Epoch: 0 [7360/8262 (89%)]	Loss: 0.132801 in /home/jovyan/input/Code/Science/agents/resunet.py:139
[INFO] - 2024-07-13 00:59:46,832 - Agent - : Train Epoch: 0 [7520/8262 (91%)]	Loss: 0.162900 in /home/jovyan/input/Code/Science/agents/resunet.py:139
[INFO] - 2024-07-13 00:59:51,108 - Agent - : Train Epoch: 0 [7680/8262 (93%)]	Loss: 0.161899 in /home/jovyan/input/Code/Science/agents/resunet.py:139
[INFO] - 2024-07-13 00:59:55,099 - Agent - : Train Epoch: 0 [7840/8262 (95%)]	Loss: 0.152964 in /home/jovyan/input/Code/Science/agents/resunet.py:139
[INFO] - 2024-07-13 00:59:59,295 - Agent - : Train Epoch: 0 [8000/8262 (97%)]	Loss: 0.113776 in /home/jovyan/input/Code/Science/agents/resunet.py:139
[INFO] - 2024-07-13 01:00:03,565 - Agent - : Train Epoch: 0 [8160/8262 (99%)]	Loss: 0.144173 in /home/jovyan/input/Code/Science/agents/resunet.py:139
[INFO] - 2024-07-13 01:03:55,131 - Agent - : 
Validate set: acc: 96.9750, IOU: 55.3701, pre: 77.1707, rec: 66.2164, F1: 71.2751, kappa: 69.6884
 in /home/jovyan/input/Code/Science/agents/resunet.py:186
[INFO] - 2024-07-13 01:11:28,918 - root - : Hi, This is root. in /home/jovyan/input/Code/Science/utils/config.py:92
[INFO] - 2024-07-13 01:11:28,919 - root - : After the configurations are successfully processed and dirs are created. in /home/jovyan/input/Code/Science/utils/config.py:93
[INFO] - 2024-07-13 01:11:28,919 - root - : The pipeline of the project will begin now. in /home/jovyan/input/Code/Science/utils/config.py:94
[INFO] - 2024-07-13 01:11:33,297 - Agent - : Program will run on *****GPU*****  in /home/jovyan/input/Code/Science/agents/resunet.py:70
[INFO] - 2024-07-13 01:11:33,298 - Cuda Statistics - : __Python VERSION:  3.8.19 (default, Mar 20 2024, 19:58:24) 
[GCC 11.2.0] in /home/jovyan/input/Code/Science/utils/misc.py:25
[INFO] - 2024-07-13 01:11:33,298 - Cuda Statistics - : __pyTorch VERSION:  1.7.0 in /home/jovyan/input/Code/Science/utils/misc.py:26
[INFO] - 2024-07-13 01:11:33,298 - Cuda Statistics - : __CUDA VERSION in /home/jovyan/input/Code/Science/utils/misc.py:27
[INFO] - 2024-07-13 01:11:33,469 - Cuda Statistics - : __CUDNN VERSION:  8003 in /home/jovyan/input/Code/Science/utils/misc.py:29
[INFO] - 2024-07-13 01:11:33,469 - Cuda Statistics - : __Number CUDA Devices:  1 in /home/jovyan/input/Code/Science/utils/misc.py:30
[INFO] - 2024-07-13 01:11:33,469 - Cuda Statistics - : __Devices in /home/jovyan/input/Code/Science/utils/misc.py:31
[INFO] - 2024-07-13 01:11:33,550 - Cuda Statistics - : Active CUDA Device: GPU 0 in /home/jovyan/input/Code/Science/utils/misc.py:34
[INFO] - 2024-07-13 01:11:33,551 - Cuda Statistics - : Available devices  1 in /home/jovyan/input/Code/Science/utils/misc.py:35
[INFO] - 2024-07-13 01:11:33,551 - Cuda Statistics - : Current cuda device  0 in /home/jovyan/input/Code/Science/utils/misc.py:36
[INFO] - 2024-07-13 01:11:36,678 - Agent - : Train Epoch: 0 [0/8262 (0%)]	Loss: 0.859201 in /home/jovyan/input/Code/Science/agents/resunet.py:139
[INFO] - 2024-07-13 01:11:40,604 - Agent - : Train Epoch: 0 [160/8262 (2%)]	Loss: 0.675230 in /home/jovyan/input/Code/Science/agents/resunet.py:139
[INFO] - 2024-07-13 01:11:44,630 - Agent - : Train Epoch: 0 [320/8262 (4%)]	Loss: 0.615060 in /home/jovyan/input/Code/Science/agents/resunet.py:139
[INFO] - 2024-07-13 01:11:48,812 - Agent - : Train Epoch: 0 [480/8262 (6%)]	Loss: 0.604496 in /home/jovyan/input/Code/Science/agents/resunet.py:139
[INFO] - 2024-07-13 01:11:53,650 - Agent - : Train Epoch: 0 [640/8262 (8%)]	Loss: 0.546603 in /home/jovyan/input/Code/Science/agents/resunet.py:139
[INFO] - 2024-07-13 01:11:57,573 - Agent - : Train Epoch: 0 [800/8262 (10%)]	Loss: 0.546116 in /home/jovyan/input/Code/Science/agents/resunet.py:139
[INFO] - 2024-07-13 01:12:01,733 - Agent - : Train Epoch: 0 [960/8262 (12%)]	Loss: 0.518456 in /home/jovyan/input/Code/Science/agents/resunet.py:139
[INFO] - 2024-07-13 01:12:06,299 - Agent - : Train Epoch: 0 [1120/8262 (14%)]	Loss: 0.518334 in /home/jovyan/input/Code/Science/agents/resunet.py:139
[INFO] - 2024-07-13 01:12:12,174 - Agent - : Train Epoch: 0 [1280/8262 (16%)]	Loss: 0.512933 in /home/jovyan/input/Code/Science/agents/resunet.py:139
[INFO] - 2024-07-13 01:12:16,622 - Agent - : Train Epoch: 0 [1440/8262 (17%)]	Loss: 0.481967 in /home/jovyan/input/Code/Science/agents/resunet.py:139
[INFO] - 2024-07-13 01:12:24,003 - Agent - : Train Epoch: 0 [1600/8262 (19%)]	Loss: 0.468432 in /home/jovyan/input/Code/Science/agents/resunet.py:139
[INFO] - 2024-07-13 01:12:29,794 - Agent - : Train Epoch: 0 [1760/8262 (21%)]	Loss: 0.444985 in /home/jovyan/input/Code/Science/agents/resunet.py:139
[INFO] - 2024-07-13 01:12:36,190 - Agent - : Train Epoch: 0 [1920/8262 (23%)]	Loss: 0.437938 in /home/jovyan/input/Code/Science/agents/resunet.py:139
[INFO] - 2024-07-13 01:12:42,487 - Agent - : Train Epoch: 0 [2080/8262 (25%)]	Loss: 0.453033 in /home/jovyan/input/Code/Science/agents/resunet.py:139
[INFO] - 2024-07-13 01:12:48,429 - Agent - : Train Epoch: 0 [2240/8262 (27%)]	Loss: 0.418144 in /home/jovyan/input/Code/Science/agents/resunet.py:139
[INFO] - 2024-07-13 01:12:55,319 - Agent - : Train Epoch: 0 [2400/8262 (29%)]	Loss: 0.483923 in /home/jovyan/input/Code/Science/agents/resunet.py:139
[INFO] - 2024-07-13 01:13:02,403 - Agent - : Train Epoch: 0 [2560/8262 (31%)]	Loss: 0.437746 in /home/jovyan/input/Code/Science/agents/resunet.py:139
[INFO] - 2024-07-13 01:13:09,895 - Agent - : Train Epoch: 0 [2720/8262 (33%)]	Loss: 0.401511 in /home/jovyan/input/Code/Science/agents/resunet.py:139
[INFO] - 2024-07-13 01:13:16,717 - Agent - : Train Epoch: 0 [2880/8262 (35%)]	Loss: 0.362020 in /home/jovyan/input/Code/Science/agents/resunet.py:139
[INFO] - 2024-07-13 01:13:23,685 - Agent - : Train Epoch: 0 [3040/8262 (37%)]	Loss: 0.371469 in /home/jovyan/input/Code/Science/agents/resunet.py:139
[INFO] - 2024-07-13 01:13:30,825 - Agent - : Train Epoch: 0 [3200/8262 (39%)]	Loss: 0.341510 in /home/jovyan/input/Code/Science/agents/resunet.py:139
[INFO] - 2024-07-13 01:13:38,102 - Agent - : Train Epoch: 0 [3360/8262 (41%)]	Loss: 0.349620 in /home/jovyan/input/Code/Science/agents/resunet.py:139
[INFO] - 2024-07-13 01:13:44,713 - Agent - : Train Epoch: 0 [3520/8262 (43%)]	Loss: 0.390326 in /home/jovyan/input/Code/Science/agents/resunet.py:139
[INFO] - 2024-07-13 01:13:50,547 - Agent - : Train Epoch: 0 [3680/8262 (45%)]	Loss: 0.301919 in /home/jovyan/input/Code/Science/agents/resunet.py:139
[INFO] - 2024-07-13 01:13:58,111 - Agent - : Train Epoch: 0 [3840/8262 (47%)]	Loss: 0.306858 in /home/jovyan/input/Code/Science/agents/resunet.py:139
[INFO] - 2024-07-13 01:14:03,812 - Agent - : Train Epoch: 0 [4000/8262 (48%)]	Loss: 0.356550 in /home/jovyan/input/Code/Science/agents/resunet.py:139
[INFO] - 2024-07-13 01:14:09,217 - Agent - : Train Epoch: 0 [4160/8262 (50%)]	Loss: 0.307015 in /home/jovyan/input/Code/Science/agents/resunet.py:139
[INFO] - 2024-07-13 01:14:15,034 - Agent - : Train Epoch: 0 [4320/8262 (52%)]	Loss: 0.281899 in /home/jovyan/input/Code/Science/agents/resunet.py:139
[INFO] - 2024-07-13 01:14:20,271 - Agent - : Train Epoch: 0 [4480/8262 (54%)]	Loss: 0.359332 in /home/jovyan/input/Code/Science/agents/resunet.py:139
[INFO] - 2024-07-13 01:14:26,119 - Agent - : Train Epoch: 0 [4640/8262 (56%)]	Loss: 0.271267 in /home/jovyan/input/Code/Science/agents/resunet.py:139
[INFO] - 2024-07-13 01:14:32,204 - Agent - : Train Epoch: 0 [4800/8262 (58%)]	Loss: 0.272647 in /home/jovyan/input/Code/Science/agents/resunet.py:139
[INFO] - 2024-07-13 01:14:39,799 - Agent - : Train Epoch: 0 [4960/8262 (60%)]	Loss: 0.246713 in /home/jovyan/input/Code/Science/agents/resunet.py:139
[INFO] - 2024-07-13 01:14:47,298 - Agent - : Train Epoch: 0 [5120/8262 (62%)]	Loss: 0.258113 in /home/jovyan/input/Code/Science/agents/resunet.py:139
[INFO] - 2024-07-13 01:14:55,181 - Agent - : Train Epoch: 0 [5280/8262 (64%)]	Loss: 0.234298 in /home/jovyan/input/Code/Science/agents/resunet.py:139
[INFO] - 2024-07-13 01:15:02,782 - Agent - : Train Epoch: 0 [5440/8262 (66%)]	Loss: 0.247292 in /home/jovyan/input/Code/Science/agents/resunet.py:139
[INFO] - 2024-07-13 01:15:10,780 - Agent - : Train Epoch: 0 [5600/8262 (68%)]	Loss: 0.214967 in /home/jovyan/input/Code/Science/agents/resunet.py:139
[INFO] - 2024-07-13 01:15:15,880 - Agent - : Train Epoch: 0 [5760/8262 (70%)]	Loss: 0.210993 in /home/jovyan/input/Code/Science/agents/resunet.py:139
[INFO] - 2024-07-13 01:15:21,230 - Agent - : Train Epoch: 0 [5920/8262 (72%)]	Loss: 0.217102 in /home/jovyan/input/Code/Science/agents/resunet.py:139
[INFO] - 2024-07-13 01:15:26,714 - Agent - : Train Epoch: 0 [6080/8262 (74%)]	Loss: 0.281780 in /home/jovyan/input/Code/Science/agents/resunet.py:139
[INFO] - 2024-07-13 01:15:32,408 - Agent - : Train Epoch: 0 [6240/8262 (76%)]	Loss: 0.189896 in /home/jovyan/input/Code/Science/agents/resunet.py:139
[INFO] - 2024-07-13 01:15:32,736 - Agent - : You have entered CTRL+C.. wait to finalize in /home/jovyan/input/Code/Science/agents/resunet.py:111
[INFO] - 2024-07-13 01:18:52,449 - Agent - : 
Test set: acc: 96.1203, IOU: 47.1631, pre: 67.4001, rec: 61.1013, F1: 64.0963, kappa: 62.0509
 in /home/jovyan/input/Code/Science/agents/resunet.py:226
[INFO] - 2024-07-13 01:19:03,201 - root - : Hi, This is root. in /home/jovyan/input/Code/Science/utils/config.py:92
[INFO] - 2024-07-13 01:19:03,201 - root - : After the configurations are successfully processed and dirs are created. in /home/jovyan/input/Code/Science/utils/config.py:93
[INFO] - 2024-07-13 01:19:03,201 - root - : The pipeline of the project will begin now. in /home/jovyan/input/Code/Science/utils/config.py:94
